{"numFailedTestSuites":1,"numFailedTests":1,"numPassedTestSuites":10,"numPassedTests":91,"numPendingTestSuites":1,"numPendingTests":9,"numRuntimeErrorTestSuites":0,"numTodoTests":0,"numTotalTestSuites":12,"numTotalTests":101,"openHandles":[],"snapshot":{"added":0,"didUpdate":false,"failure":false,"filesAdded":0,"filesRemoved":0,"filesRemovedList":[],"filesUnmatched":0,"filesUpdated":0,"matched":0,"total":0,"unchecked":0,"uncheckedKeysByFile":[],"unmatched":0,"updated":0},"startTime":1776230834391,"success":false,"testResults":[{"assertionResults":[{"ancestorTitles":["Security Test Suite","1) Authentication Bypass"],"duration":604,"failureDetails":[],"failureMessages":[],"fullName":"Security Test Suite 1) Authentication Bypass redirects /dashboard to /login when unauthenticated","invocations":1,"location":null,"numPassingAsserts":2,"retryReasons":[],"status":"passed","title":"redirects /dashboard to /login when unauthenticated"},{"ancestorTitles":["Security Test Suite","1) Authentication Bypass"],"duration":2203,"failureDetails":[],"failureMessages":[],"fullName":"Security Test Suite 1) Authentication Bypass blocks /api/admin/* access for regular users with 403","invocations":1,"location":null,"numPassingAsserts":2,"retryReasons":[],"status":"passed","title":"blocks /api/admin/* access for regular users with 403"},{"ancestorTitles":["Security Test Suite","1) Authentication Bypass"],"duration":451,"failureDetails":[],"failureMessages":[],"fullName":"Security Test Suite 1) Authentication Bypass rejects forged/tampered session cookie impersonation","invocations":1,"location":null,"numPassingAsserts":4,"retryReasons":[],"status":"passed","title":"rejects forged/tampered session cookie impersonation"},{"ancestorTitles":["Security Test Suite","2) IDOR (Insecure Direct Object Reference)"],"duration":2119,"failureDetails":[],"failureMessages":[],"fullName":"Security Test Suite 2) IDOR (Insecure Direct Object Reference) prevents User A from reading User B receipt by ID","invocations":1,"location":null,"numPassingAsserts":1,"retryReasons":[],"status":"passed","title":"prevents User A from reading User B receipt by ID"},{"ancestorTitles":["Security Test Suite","2) IDOR (Insecure Direct Object Reference)"],"duration":2141,"failureDetails":[],"failureMessages":[],"fullName":"Security Test Suite 2) IDOR (Insecure Direct Object Reference) prevents User A from viewing User B dispute detail","invocations":1,"location":null,"numPassingAsserts":1,"retryReasons":[],"status":"passed","title":"prevents User A from viewing User B dispute detail"},{"ancestorTitles":["Security Test Suite","2) IDOR (Insecure Direct Object Reference)"],"duration":2133,"failureDetails":[],"failureMessages":[],"fullName":"Security Test Suite 2) IDOR (Insecure Direct Object Reference) prevents User A from withdrawing User B dispute","invocations":1,"location":null,"numPassingAsserts":2,"retryReasons":[],"status":"passed","title":"prevents User A from withdrawing User B dispute"},{"ancestorTitles":["Security Test Suite","3) Brute Force Protection"],"duration":888,"failureDetails":[],"failureMessages":[],"fullName":"Security Test Suite 3) Brute Force Protection handles repeated failed login attempts and persists lock fields when implemented","invocations":1,"location":null,"numPassingAsserts":1,"retryReasons":[],"status":"passed","title":"handles repeated failed login attempts and persists lock fields when implemented"},{"ancestorTitles":["Security Test Suite","4) Input Validation / Injection"],"duration":531,"failureDetails":[],"failureMessages":[],"fullName":"Security Test Suite 4) Input Validation / Injection rejects SQL-like injection payload in transfer amount","invocations":1,"location":null,"numPassingAsserts":2,"retryReasons":[],"status":"passed","title":"rejects SQL-like injection payload in transfer amount"},{"ancestorTitles":["Security Test Suite","4) Input Validation / Injection"],"duration":155,"failureDetails":[],"failureMessages":[],"fullName":"Security Test Suite 4) Input Validation / Injection rejects registration with XSS-style malformed email input","invocations":1,"location":null,"numPassingAsserts":2,"retryReasons":[],"status":"passed","title":"rejects registration with XSS-style malformed email input"},{"ancestorTitles":["Security Test Suite","4) Input Validation / Injection"],"duration":241,"failureDetails":[],"failureMessages":[],"fullName":"Security Test Suite 4) Input Validation / Injection rejects malformed UPI/identifier special characters in payment verification path","invocations":1,"location":null,"numPassingAsserts":2,"retryReasons":[],"status":"passed","title":"rejects malformed UPI/identifier special characters in payment verification path"},{"ancestorTitles":["Security Test Suite","4) Input Validation / Injection"],"duration":155,"failureDetails":[],"failureMessages":[],"fullName":"Security Test Suite 4) Input Validation / Injection rejects extremely long untrusted strings with 4xx (not 500)","invocations":1,"location":null,"numPassingAsserts":2,"retryReasons":[],"status":"passed","title":"rejects extremely long untrusted strings with 4xx (not 500)"},{"ancestorTitles":["Security Test Suite","5) CSRF & Session"],"duration":141,"failureDetails":[],"failureMessages":[],"fullName":"Security Test Suite 5) CSRF & Session blocks state-changing API route when no authenticated session exists","invocations":1,"location":null,"numPassingAsserts":1,"retryReasons":[],"status":"passed","title":"blocks state-changing API route when no authenticated session exists"},{"ancestorTitles":["Security Test Suite","5) CSRF & Session"],"duration":268,"failureDetails":[{"code":"ERR_HTTP_INVALID_HEADER_VALUE"}],"failureMessages":["TypeError: Invalid value \"undefined\" for header \"Cookie\"\n    at ClientRequest.setHeader (node:_http_outgoing:702:3)\n    at Test.setHeader [as request] (D:\\zenpay-V2\\ZenoPay\\node_modules\\superagent\\src\\node\\index.js:851:39)\n    at Test.request [as end] (D:\\zenpay-V2\\ZenoPay\\node_modules\\superagent\\src\\node\\index.js:986:8)\n    at Test.end (D:\\zenpay-V2\\ZenoPay\\node_modules\\supertest\\lib\\test.js:118:11)\n    at end (D:\\zenpay-V2\\ZenoPay\\node_modules\\superagent\\src\\request-base.js:285:12)\n    at new Promise (<anonymous>)\n    at Test.Object.<anonymous>.RequestBase.then (D:\\zenpay-V2\\ZenoPay\\node_modules\\superagent\\src\\request-base.js:267:31)\n    at processTicksAndRejections (node:internal/process/task_queues:105:5)"],"fullName":"Security Test Suite 5) CSRF & Session invalidates effective access after logout even if old cookie is replayed","invocations":1,"location":null,"numPassingAsserts":0,"retryReasons":[],"status":"failed","title":"invalidates effective access after logout even if old cookie is replayed"},{"ancestorTitles":["Security Test Suite","6) Rate Limiting"],"duration":963,"failureDetails":[],"failureMessages":[],"fullName":"Security Test Suite 6) Rate Limiting returns 429 on excessive auth requests when limiter is configured","invocations":1,"location":null,"numPassingAsserts":1,"retryReasons":[],"status":"passed","title":"returns 429 on excessive auth requests when limiter is configured"},{"ancestorTitles":["Security Test Suite","7) Sensitive Data Exposure"],"duration":332,"failureDetails":[],"failureMessages":[],"fullName":"Security Test Suite 7) Sensitive Data Exposure does not expose password/pin/2FA secret in profile-facing response paths","invocations":1,"location":null,"numPassingAsserts":1,"retryReasons":[],"status":"passed","title":"does not expose password/pin/2FA secret in profile-facing response paths"},{"ancestorTitles":["Security Test Suite","7) Sensitive Data Exposure"],"duration":235,"failureDetails":[],"failureMessages":[],"fullName":"Security Test Suite 7) Sensitive Data Exposure does not expose full 16-digit card numbers in transaction/receipt responses","invocations":1,"location":null,"numPassingAsserts":1,"retryReasons":[],"status":"passed","title":"does not expose full 16-digit card numbers in transaction/receipt responses"}],"endTime":1776230852009,"message":"\u001b[1m\u001b[31m  \u001b[1m● \u001b[22m\u001b[1mSecurity Test Suite › 5) CSRF & Session › invalidates effective access after logout even if old cookie is replayed\u001b[39m\u001b[22m\n\n    TypeError: Invalid value \"undefined\" for header \"Cookie\"\n\u001b[2m\u001b[22m\n\u001b[2m      \u001b[2mat Test.setHeader [as request] (\u001b[22m\u001b[2mnode_modules/superagent/src/node/index.js\u001b[2m:851:39)\u001b[22m\u001b[2m\u001b[22m\n\u001b[2m      \u001b[2mat Test.request [as end] (\u001b[22m\u001b[2mnode_modules/superagent/src/node/index.js\u001b[2m:986:8)\u001b[22m\u001b[2m\u001b[22m\n\u001b[2m      \u001b[2mat Test.end (\u001b[22m\u001b[2m\u001b[0m\u001b[36mnode_modules/supertest/lib/test.js\u001b[39m\u001b[0m\u001b[2m:118:11)\u001b[22m\u001b[2m\u001b[22m\n\u001b[2m      \u001b[2mat end (\u001b[22m\u001b[2mnode_modules/superagent/src/request-base.js\u001b[2m:285:12)\u001b[22m\u001b[2m\u001b[22m\n\u001b[2m      \u001b[2mat Test.Object.<anonymous>.RequestBase.then (\u001b[22m\u001b[2mnode_modules/superagent/src/request-base.js\u001b[2m:267:31)\u001b[22m\u001b[2m\u001b[22m\n","name":"D:\\zenpay-V2\\ZenoPay\\tests\\security\\security.test.js","startTime":1776230834459,"status":"failed","summary":""},{"assertionResults":[{"ancestorTitles":["Complete User Journey"],"duration":1399,"failureDetails":[],"failureMessages":[],"fullName":"Complete User Journey Step 1: Register new user","invocations":1,"location":null,"numPassingAsserts":5,"retryReasons":[],"status":"passed","title":"Step 1: Register new user"},{"ancestorTitles":["Complete User Journey"],"duration":1096,"failureDetails":[],"failureMessages":[],"fullName":"Complete User Journey Step 2: Verify email OTP","invocations":1,"location":null,"numPassingAsserts":7,"retryReasons":[],"status":"passed","title":"Step 2: Verify email OTP"},{"ancestorTitles":["Complete User Journey"],"duration":1525,"failureDetails":[],"failureMessages":[],"fullName":"Complete User Journey Step 3: Login","invocations":1,"location":null,"numPassingAsserts":9,"retryReasons":[],"status":"passed","title":"Step 3: Login"},{"ancestorTitles":["Complete User Journey"],"duration":3544,"failureDetails":[],"failureMessages":[],"fullName":"Complete User Journey Step 4: Set transaction PIN","invocations":1,"location":null,"numPassingAsserts":11,"retryReasons":[],"status":"passed","title":"Step 4: Set transaction PIN"},{"ancestorTitles":["Complete User Journey"],"duration":3722,"failureDetails":[],"failureMessages":[],"fullName":"Complete User Journey Step 5: Add money to wallet via mock Razorpay","invocations":1,"location":null,"numPassingAsserts":16,"retryReasons":[],"status":"passed","title":"Step 5: Add money to wallet via mock Razorpay"},{"ancestorTitles":["Complete User Journey"],"duration":4306,"failureDetails":[],"failureMessages":[],"fullName":"Complete User Journey Step 6: Send money to another user","invocations":1,"location":null,"numPassingAsserts":19,"retryReasons":[],"status":"passed","title":"Step 6: Send money to another user"},{"ancestorTitles":["Complete User Journey"],"duration":4387,"failureDetails":[],"failureMessages":[],"fullName":"Complete User Journey Step 7: View transaction history","invocations":1,"location":null,"numPassingAsserts":22,"retryReasons":[],"status":"passed","title":"Step 7: View transaction history"},{"ancestorTitles":["Complete User Journey"],"duration":4659,"failureDetails":[],"failureMessages":[],"fullName":"Complete User Journey Step 8: Download receipt","invocations":1,"location":null,"numPassingAsserts":24,"retryReasons":[],"status":"passed","title":"Step 8: Download receipt"},{"ancestorTitles":["Complete User Journey"],"duration":5055,"failureDetails":[],"failureMessages":[],"fullName":"Complete User Journey Step 9: Submit a dispute","invocations":1,"location":null,"numPassingAsserts":28,"retryReasons":[],"status":"passed","title":"Step 9: Submit a dispute"},{"ancestorTitles":["Complete User Journey"],"duration":5369,"failureDetails":[],"failureMessages":[],"fullName":"Complete User Journey Step 10: Logout","invocations":1,"location":null,"numPassingAsserts":36,"retryReasons":[],"status":"passed","title":"Step 10: Logout"}],"endTime":1776230888410,"message":"","name":"D:\\zenpay-V2\\ZenoPay\\tests\\integration\\userJourney.test.js","startTime":1776230852024,"status":"passed","summary":""},{"assertionResults":[{"ancestorTitles":["Auth Controller","POST /register"],"duration":1684,"failureDetails":[],"failureMessages":[],"fullName":"Auth Controller POST /register registers a new user and sends OTP","invocations":1,"location":null,"numPassingAsserts":8,"retryReasons":[],"status":"passed","title":"registers a new user and sends OTP"},{"ancestorTitles":["Auth Controller","POST /register"],"duration":235,"failureDetails":[],"failureMessages":[],"fullName":"Auth Controller POST /register rejects duplicate email registrations","invocations":1,"location":null,"numPassingAsserts":2,"retryReasons":[],"status":"passed","title":"rejects duplicate email registrations"},{"ancestorTitles":["Auth Controller","POST /register"],"duration":216,"failureDetails":[],"failureMessages":[],"fullName":"Auth Controller POST /register rejects duplicate phone registrations","invocations":1,"location":null,"numPassingAsserts":2,"retryReasons":[],"status":"passed","title":"rejects duplicate phone registrations"},{"ancestorTitles":["Auth Controller","POST /register"],"duration":168,"failureDetails":[],"failureMessages":[],"fullName":"Auth Controller POST /register rejects invalid registration input","invocations":1,"location":null,"numPassingAsserts":2,"retryReasons":[],"status":"passed","title":"rejects invalid registration input"},{"ancestorTitles":["Auth Controller","POST /login"],"duration":329,"failureDetails":[],"failureMessages":[],"fullName":"Auth Controller POST /login logs in verified users and returns dashboard redirect","invocations":1,"location":null,"numPassingAsserts":4,"retryReasons":[],"status":"passed","title":"logs in verified users and returns dashboard redirect"},{"ancestorTitles":["Auth Controller","POST /login"],"duration":321,"failureDetails":[],"failureMessages":[],"fullName":"Auth Controller POST /login rejects invalid login credentials","invocations":1,"location":null,"numPassingAsserts":2,"retryReasons":[],"status":"passed","title":"rejects invalid login credentials"},{"ancestorTitles":["Auth Controller","POST /login"],"duration":661,"failureDetails":[],"failureMessages":[],"fullName":"Auth Controller POST /login issues OTP and redirects to verify-email for unverified users","invocations":1,"location":null,"numPassingAsserts":5,"retryReasons":[],"status":"passed","title":"issues OTP and redirects to verify-email for unverified users"},{"ancestorTitles":["Auth Controller","POST /verify-email"],"duration":526,"failureDetails":[],"failureMessages":[],"fullName":"Auth Controller POST /verify-email accepts a valid OTP and marks the user verified","invocations":1,"location":null,"numPassingAsserts":4,"retryReasons":[],"status":"passed","title":"accepts a valid OTP and marks the user verified"},{"ancestorTitles":["Auth Controller","POST /verify-email"],"duration":405,"failureDetails":[],"failureMessages":[],"fullName":"Auth Controller POST /verify-email rejects an invalid OTP","invocations":1,"location":null,"numPassingAsserts":1,"retryReasons":[],"status":"passed","title":"rejects an invalid OTP"},{"ancestorTitles":["Auth Controller","POST /resend-otp"],"duration":603,"failureDetails":[],"failureMessages":[],"fullName":"Auth Controller POST /resend-otp resends OTP for an unverified account","invocations":1,"location":null,"numPassingAsserts":2,"retryReasons":[],"status":"passed","title":"resends OTP for an unverified account"},{"ancestorTitles":["Auth Controller","GET /logout"],"duration":2186,"failureDetails":[],"failureMessages":[],"fullName":"Auth Controller GET /logout clears the user session and redirects to login","invocations":1,"location":null,"numPassingAsserts":1,"retryReasons":[],"status":"passed","title":"clears the user session and redirects to login"}],"endTime":1776230897360,"message":"","name":"D:\\zenpay-V2\\ZenoPay\\tests\\controllers\\auth.test.js","startTime":1776230888419,"status":"passed","summary":""},{"assertionResults":[{"ancestorTitles":["Admin Auth Controller","POST /admin/login"],"duration":292,"failureDetails":[],"failureMessages":[],"fullName":"Admin Auth Controller POST /admin/login should login with valid credentials","invocations":1,"location":null,"numPassingAsserts":2,"retryReasons":[],"status":"passed","title":"should login with valid credentials"},{"ancestorTitles":["Admin Auth Controller","POST /admin/login"],"duration":273,"failureDetails":[],"failureMessages":[],"fullName":"Admin Auth Controller POST /admin/login should reject invalid credentials","invocations":1,"location":null,"numPassingAsserts":1,"retryReasons":[],"status":"passed","title":"should reject invalid credentials"},{"ancestorTitles":["Admin Auth Controller","POST /admin/login"],"duration":279,"failureDetails":[],"failureMessages":[],"fullName":"Admin Auth Controller POST /admin/login should reject non-admin users","invocations":1,"location":null,"numPassingAsserts":1,"retryReasons":[],"status":"passed","title":"should reject non-admin users"},{"ancestorTitles":["Admin Auth Controller","POST /admin/forgot-password"],"duration":142,"failureDetails":[],"failureMessages":[],"fullName":"Admin Auth Controller POST /admin/forgot-password should send reset link for valid email","invocations":1,"location":null,"numPassingAsserts":1,"retryReasons":[],"status":"passed","title":"should send reset link for valid email"},{"ancestorTitles":["Admin Auth Controller","POST /admin/forgot-password"],"duration":147,"failureDetails":[],"failureMessages":[],"fullName":"Admin Auth Controller POST /admin/forgot-password should handle non-existent email gracefully","invocations":1,"location":null,"numPassingAsserts":1,"retryReasons":[],"status":"passed","title":"should handle non-existent email gracefully"},{"ancestorTitles":["Admin Auth Controller","GET /admin/logout"],"duration":150,"failureDetails":[],"failureMessages":[],"fullName":"Admin Auth Controller GET /admin/logout should logout and redirect to login","invocations":1,"location":null,"numPassingAsserts":1,"retryReasons":[],"status":"passed","title":"should logout and redirect to login"}],"endTime":1776230900358,"message":"","name":"D:\\zenpay-V2\\ZenoPay\\tests\\controllers\\AdminAuthController.test.js","startTime":1776230897368,"status":"passed","summary":""},{"assertionResults":[{"ancestorTitles":["Payment Gateway Service","createRazorpayOrder"],"duration":324,"failureDetails":[],"failureMessages":[],"fullName":"Payment Gateway Service createRazorpayOrder should create an order with valid parameters","invocations":1,"location":null,"numPassingAsserts":1,"retryReasons":[],"status":"passed","title":"should create an order with valid parameters"},{"ancestorTitles":["Payment Gateway Service","createRazorpayOrder"],"duration":52,"failureDetails":[],"failureMessages":[],"fullName":"Payment Gateway Service createRazorpayOrder should handle errors gracefully","invocations":1,"location":null,"numPassingAsserts":1,"retryReasons":[],"status":"passed","title":"should handle errors gracefully"},{"ancestorTitles":["Payment Gateway Service","getTransactionFee"],"duration":2,"failureDetails":[],"failureMessages":[],"fullName":"Payment Gateway Service getTransactionFee should calculate correct fee for card payment","invocations":1,"location":null,"numPassingAsserts":4,"retryReasons":[],"status":"passed","title":"should calculate correct fee for card payment"},{"ancestorTitles":["Payment Gateway Service","getTransactionFee"],"duration":2,"failureDetails":[],"failureMessages":[],"fullName":"Payment Gateway Service getTransactionFee should calculate correct fee for UPI payment","invocations":1,"location":null,"numPassingAsserts":2,"retryReasons":[],"status":"passed","title":"should calculate correct fee for UPI payment"},{"ancestorTitles":["Payment Gateway Service","getTransactionFee"],"duration":2,"failureDetails":[],"failureMessages":[],"fullName":"Payment Gateway Service getTransactionFee should calculate correct fee for netbanking","invocations":1,"location":null,"numPassingAsserts":2,"retryReasons":[],"status":"passed","title":"should calculate correct fee for netbanking"},{"ancestorTitles":["Payment Gateway Service","verifyRazorpayPayment"],"duration":2,"failureDetails":[],"failureMessages":[],"fullName":"Payment Gateway Service verifyRazorpayPayment should verify valid payment signature","invocations":1,"location":null,"numPassingAsserts":1,"retryReasons":[],"status":"passed","title":"should verify valid payment signature"},{"ancestorTitles":["Payment Gateway Service","testConnection"],"duration":2,"failureDetails":[],"failureMessages":[],"fullName":"Payment Gateway Service testConnection should test gateway connection","invocations":1,"location":null,"numPassingAsserts":2,"retryReasons":[],"status":"passed","title":"should test gateway connection"},{"ancestorTitles":["Payment Gateway Service","testConnection"],"duration":1,"failureDetails":[],"failureMessages":[],"fullName":"Payment Gateway Service testConnection should handle unknown gateway","invocations":1,"location":null,"numPassingAsserts":2,"retryReasons":[],"status":"passed","title":"should handle unknown gateway"}],"endTime":1776230901406,"message":"","name":"D:\\zenpay-V2\\ZenoPay\\tests\\services\\paymentGateway.test.js","startTime":1776230900367,"status":"passed","summary":""},{"assertionResults":[{"ancestorTitles":["Payment Gateway Controller"],"duration":124,"failureDetails":[],"failureMessages":[],"fullName":"Payment Gateway Controller creates a Razorpay-style order with a valid order ID and paise amount","invocations":1,"location":null,"numPassingAsserts":2,"retryReasons":[],"status":"passed","title":"creates a Razorpay-style order with a valid order ID and paise amount"},{"ancestorTitles":["Payment Gateway Controller"],"duration":44,"failureDetails":[],"failureMessages":[],"fullName":"Payment Gateway Controller verifies payments with a valid signature and rejects an invalid one","invocations":1,"location":null,"numPassingAsserts":3,"retryReasons":[],"status":"passed","title":"verifies payments with a valid signature and rejects an invalid one"},{"ancestorTitles":["Payment Gateway Controller"],"duration":96,"failureDetails":[],"failureMessages":[],"fullName":"Payment Gateway Controller marks failed payments as failed and does not credit the customer balance","invocations":1,"location":null,"numPassingAsserts":7,"retryReasons":[],"status":"passed","title":"marks failed payments as failed and does not credit the customer balance"}],"endTime":1776230902379,"message":"","name":"D:\\zenpay-V2\\ZenoPay\\tests\\controllers\\payment.test.js","startTime":1776230901414,"status":"passed","summary":""},{"assertionResults":[{"ancestorTitles":["Dispute Controller"],"duration":80,"failureDetails":[],"failureMessages":[],"fullName":"Dispute Controller getDisputes returns empty array for new user and returns disputes after create","invocations":1,"location":null,"numPassingAsserts":6,"retryReasons":[],"status":"passed","title":"getDisputes returns empty array for new user and returns disputes after create"},{"ancestorTitles":["Dispute Controller"],"duration":45,"failureDetails":[],"failureMessages":[],"fullName":"Dispute Controller submitDispute creates dispute with open status and adds timeline entry","invocations":1,"location":null,"numPassingAsserts":6,"retryReasons":[],"status":"passed","title":"submitDispute creates dispute with open status and adds timeline entry"},{"ancestorTitles":["Dispute Controller"],"duration":29,"failureDetails":[],"failureMessages":[],"fullName":"Dispute Controller addInfo updates additionalInfo and appends timeline entry","invocations":1,"location":null,"numPassingAsserts":4,"retryReasons":[],"status":"passed","title":"addInfo updates additionalInfo and appends timeline entry"},{"ancestorTitles":["Dispute Controller"],"duration":31,"failureDetails":[],"failureMessages":[],"fullName":"Dispute Controller withdrawDispute sets status rejected and rejects if already closed","invocations":1,"location":null,"numPassingAsserts":5,"retryReasons":[],"status":"passed","title":"withdrawDispute sets status rejected and rejects if already closed"}],"endTime":1776230903212,"message":"","name":"D:\\zenpay-V2\\ZenoPay\\tests\\controllers\\dispute.test.js","startTime":1776230902387,"status":"passed","summary":""},{"assertionResults":[{"ancestorTitles":["Transfer Controller"],"duration":15,"failureDetails":[],"failureMessages":[],"fullName":"Transfer Controller debites sender, credits receiver, and records history on successful transfer","invocations":1,"location":null,"numPassingAsserts":9,"retryReasons":[],"status":"passed","title":"debites sender, credits receiver, and records history on successful transfer"},{"ancestorTitles":["Transfer Controller"],"duration":10,"failureDetails":[],"failureMessages":[],"fullName":"Transfer Controller returns 400 when transferring to self","invocations":1,"location":null,"numPassingAsserts":3,"retryReasons":[],"status":"passed","title":"returns 400 when transferring to self"},{"ancestorTitles":["Transfer Controller"],"duration":5,"failureDetails":[],"failureMessages":[],"fullName":"Transfer Controller returns 402 when balance is insufficient","invocations":1,"location":null,"numPassingAsserts":2,"retryReasons":[],"status":"passed","title":"returns 402 when balance is insufficient"},{"ancestorTitles":["Transfer Controller"],"duration":4,"failureDetails":[],"failureMessages":[],"fullName":"Transfer Controller returns 404 for an invalid recipient","invocations":1,"location":null,"numPassingAsserts":2,"retryReasons":[],"status":"passed","title":"returns 404 for an invalid recipient"},{"ancestorTitles":["Transfer Controller"],"duration":38,"failureDetails":[],"failureMessages":[],"fullName":"Transfer Controller keeps sender balance unchanged if receiver save fails","invocations":1,"location":null,"numPassingAsserts":4,"retryReasons":[],"status":"passed","title":"keeps sender balance unchanged if receiver save fails"}],"endTime":1776230903933,"message":"","name":"D:\\zenpay-V2\\ZenoPay\\tests\\controllers\\transfer.test.js","startTime":1776230903218,"status":"passed","summary":""},{"assertionResults":[{"ancestorTitles":["Wallet Controller","Add Money"],"duration":4,"failureDetails":[],"failureMessages":[],"fullName":"Wallet Controller Add Money increases wallet balance by the exact amount and creates a transaction record","invocations":1,"location":null,"numPassingAsserts":5,"retryReasons":[],"status":"passed","title":"increases wallet balance by the exact amount and creates a transaction record"},{"ancestorTitles":["Wallet Controller","Add Money"],"duration":3,"failureDetails":[],"failureMessages":[],"fullName":"Wallet Controller Add Money returns 400 for zero or negative amounts","invocations":1,"location":null,"numPassingAsserts":3,"retryReasons":[],"status":"passed","title":"returns 400 for zero or negative amounts"},{"ancestorTitles":["Wallet Controller","Add Money"],"duration":2,"failureDetails":[],"failureMessages":[],"fullName":"Wallet Controller Add Money returns 400 with Exceeds limit for amounts above ₹1,00,000","invocations":1,"location":null,"numPassingAsserts":2,"retryReasons":[],"status":"passed","title":"returns 400 with Exceeds limit for amounts above ₹1,00,000"},{"ancestorTitles":["Wallet Controller","Wallet Balance Fetch"],"duration":4,"failureDetails":[],"failureMessages":[],"fullName":"Wallet Controller Wallet Balance Fetch returns the correct wallet balance for the session user","invocations":1,"location":null,"numPassingAsserts":1,"retryReasons":[],"status":"passed","title":"returns the correct wallet balance for the session user"},{"ancestorTitles":["Wallet Controller","Wallet Balance Fetch"],"duration":3,"failureDetails":[],"failureMessages":[],"fullName":"Wallet Controller Wallet Balance Fetch does not expose another user balance","invocations":1,"location":null,"numPassingAsserts":2,"retryReasons":[],"status":"passed","title":"does not expose another user balance"}],"endTime":1776230904616,"message":"","name":"D:\\zenpay-V2\\ZenoPay\\tests\\controllers\\wallet.test.js","startTime":1776230903942,"status":"passed","summary":""},{"assertionResults":[{"ancestorTitles":["RBAC Middleware","isAuthenticated"],"duration":2,"failureDetails":[],"failureMessages":[],"fullName":"RBAC Middleware isAuthenticated should allow authenticated users","invocations":1,"location":null,"numPassingAsserts":2,"retryReasons":[],"status":"passed","title":"should allow authenticated users"},{"ancestorTitles":["RBAC Middleware","isAuthenticated"],"duration":2,"failureDetails":[],"failureMessages":[],"fullName":"RBAC Middleware isAuthenticated should reject unauthenticated users","invocations":1,"location":null,"numPassingAsserts":2,"retryReasons":[],"status":"passed","title":"should reject unauthenticated users"},{"ancestorTitles":["RBAC Middleware","isAdmin"],"duration":2,"failureDetails":[],"failureMessages":[],"fullName":"RBAC Middleware isAdmin should allow admin users","invocations":1,"location":null,"numPassingAsserts":2,"retryReasons":[],"status":"passed","title":"should allow admin users"},{"ancestorTitles":["RBAC Middleware","isAdmin"],"duration":2,"failureDetails":[],"failureMessages":[],"fullName":"RBAC Middleware isAdmin should reject non-admin users","invocations":1,"location":null,"numPassingAsserts":2,"retryReasons":[],"status":"passed","title":"should reject non-admin users"},{"ancestorTitles":["RBAC Middleware","isMerchant"],"duration":2,"failureDetails":[],"failureMessages":[],"fullName":"RBAC Middleware isMerchant should allow merchant users","invocations":1,"location":null,"numPassingAsserts":1,"retryReasons":[],"status":"passed","title":"should allow merchant users"},{"ancestorTitles":["RBAC Middleware","isMerchant"],"duration":2,"failureDetails":[],"failureMessages":[],"fullName":"RBAC Middleware isMerchant should reject non-merchant users","invocations":1,"location":null,"numPassingAsserts":2,"retryReasons":[],"status":"passed","title":"should reject non-merchant users"},{"ancestorTitles":["RBAC Middleware","requireRole"],"duration":2,"failureDetails":[],"failureMessages":[],"fullName":"RBAC Middleware requireRole should allow matching single role","invocations":1,"location":null,"numPassingAsserts":1,"retryReasons":[],"status":"passed","title":"should allow matching single role"},{"ancestorTitles":["RBAC Middleware","requireRole"],"duration":2,"failureDetails":[],"failureMessages":[],"fullName":"RBAC Middleware requireRole should allow matching role from array","invocations":1,"location":null,"numPassingAsserts":1,"retryReasons":[],"status":"passed","title":"should allow matching role from array"},{"ancestorTitles":["RBAC Middleware","requireRole"],"duration":2,"failureDetails":[],"failureMessages":[],"fullName":"RBAC Middleware requireRole should reject non-matching role","invocations":1,"location":null,"numPassingAsserts":2,"retryReasons":[],"status":"passed","title":"should reject non-matching role"},{"ancestorTitles":["RBAC Middleware","requirePermission"],"duration":2,"failureDetails":[],"failureMessages":[],"fullName":"RBAC Middleware requirePermission should allow user with correct permission","invocations":1,"location":null,"numPassingAsserts":1,"retryReasons":[],"status":"passed","title":"should allow user with correct permission"},{"ancestorTitles":["RBAC Middleware","requirePermission"],"duration":2,"failureDetails":[],"failureMessages":[],"fullName":"RBAC Middleware requirePermission should reject user without permission","invocations":1,"location":null,"numPassingAsserts":2,"retryReasons":[],"status":"passed","title":"should reject user without permission"},{"ancestorTitles":["RBAC Middleware","hasPermission"],"duration":2,"failureDetails":[],"failureMessages":[],"fullName":"RBAC Middleware hasPermission should return true for valid permission","invocations":1,"location":null,"numPassingAsserts":1,"retryReasons":[],"status":"passed","title":"should return true for valid permission"},{"ancestorTitles":["RBAC Middleware","hasPermission"],"duration":2,"failureDetails":[],"failureMessages":[],"fullName":"RBAC Middleware hasPermission should return false for invalid permission","invocations":1,"location":null,"numPassingAsserts":1,"retryReasons":[],"status":"passed","title":"should return false for invalid permission"},{"ancestorTitles":["RBAC Middleware","hasPermission"],"duration":2,"failureDetails":[],"failureMessages":[],"fullName":"RBAC Middleware hasPermission should return false for non-existent role","invocations":1,"location":null,"numPassingAsserts":1,"retryReasons":[],"status":"passed","title":"should return false for non-existent role"}],"endTime":1776230905262,"message":"","name":"D:\\zenpay-V2\\ZenoPay\\tests\\middleware\\rbacMiddleware.test.js","startTime":1776230904625,"status":"passed","summary":""},{"assertionResults":[{"ancestorTitles":["SMS Service","sendOTP"],"duration":2,"failureDetails":[],"failureMessages":[],"fullName":"SMS Service sendOTP should send OTP via preferred service","invocations":1,"location":null,"numPassingAsserts":2,"retryReasons":[],"status":"passed","title":"should send OTP via preferred service"},{"ancestorTitles":["SMS Service","sendOTP"],"duration":1,"failureDetails":[],"failureMessages":[],"fullName":"SMS Service sendOTP should handle invalid phone numbers","invocations":1,"location":null,"numPassingAsserts":1,"retryReasons":[],"status":"passed","title":"should handle invalid phone numbers"},{"ancestorTitles":["SMS Service","sendTransactionNotification"],"duration":1,"failureDetails":[],"failureMessages":[],"fullName":"SMS Service sendTransactionNotification should send sent transaction notification","invocations":1,"location":null,"numPassingAsserts":1,"retryReasons":[],"status":"passed","title":"should send sent transaction notification"},{"ancestorTitles":["SMS Service","sendTransactionNotification"],"duration":1,"failureDetails":[],"failureMessages":[],"fullName":"SMS Service sendTransactionNotification should send received transaction notification","invocations":1,"location":null,"numPassingAsserts":1,"retryReasons":[],"status":"passed","title":"should send received transaction notification"},{"ancestorTitles":["SMS Service","sendTransactionNotification"],"duration":1,"failureDetails":[],"failureMessages":[],"fullName":"SMS Service sendTransactionNotification should send pending transaction notification","invocations":1,"location":null,"numPassingAsserts":1,"retryReasons":[],"status":"passed","title":"should send pending transaction notification"},{"ancestorTitles":["SMS Service","sendSecurityAlert"],"duration":1,"failureDetails":[],"failureMessages":[],"fullName":"SMS Service sendSecurityAlert should send login alert","invocations":1,"location":null,"numPassingAsserts":1,"retryReasons":[],"status":"passed","title":"should send login alert"},{"ancestorTitles":["SMS Service","sendSecurityAlert"],"duration":2,"failureDetails":[],"failureMessages":[],"fullName":"SMS Service sendSecurityAlert should send password change alert","invocations":1,"location":null,"numPassingAsserts":1,"retryReasons":[],"status":"passed","title":"should send password change alert"},{"ancestorTitles":["SMS Service","sendSecurityAlert"],"duration":2,"failureDetails":[],"failureMessages":[],"fullName":"SMS Service sendSecurityAlert should send suspicious activity alert","invocations":1,"location":null,"numPassingAsserts":1,"retryReasons":[],"status":"passed","title":"should send suspicious activity alert"},{"ancestorTitles":["SMS Service","testConnection"],"duration":1,"failureDetails":[],"failureMessages":[],"fullName":"SMS Service testConnection should test service connection","invocations":1,"location":null,"numPassingAsserts":2,"retryReasons":[],"status":"passed","title":"should test service connection"},{"ancestorTitles":["SMS Service","testConnection"],"duration":1,"failureDetails":[],"failureMessages":[],"fullName":"SMS Service testConnection should handle missing credentials","invocations":1,"location":null,"numPassingAsserts":2,"retryReasons":[],"status":"passed","title":"should handle missing credentials"}],"endTime":1776230905885,"message":"","name":"D:\\zenpay-V2\\ZenoPay\\tests\\services\\smsService.test.js","startTime":1776230905271,"status":"passed","summary":""},{"assertionResults":[{"ancestorTitles":["Admin User Controller","GET /admin/users"],"duration":null,"failureDetails":[],"failureMessages":[],"fullName":"Admin User Controller GET /admin/users should return list of users","invocations":1,"location":null,"numPassingAsserts":0,"retryReasons":[],"status":"pending","title":"should return list of users"},{"ancestorTitles":["Admin User Controller","GET /admin/users"],"duration":null,"failureDetails":[],"failureMessages":[],"fullName":"Admin User Controller GET /admin/users should support pagination","invocations":1,"location":null,"numPassingAsserts":0,"retryReasons":[],"status":"pending","title":"should support pagination"},{"ancestorTitles":["Admin User Controller","GET /admin/users"],"duration":null,"failureDetails":[],"failureMessages":[],"fullName":"Admin User Controller GET /admin/users should support search","invocations":1,"location":null,"numPassingAsserts":0,"retryReasons":[],"status":"pending","title":"should support search"},{"ancestorTitles":["Admin User Controller","GET /admin/users/:id"],"duration":null,"failureDetails":[],"failureMessages":[],"fullName":"Admin User Controller GET /admin/users/:id should return user details","invocations":1,"location":null,"numPassingAsserts":0,"retryReasons":[],"status":"pending","title":"should return user details"},{"ancestorTitles":["Admin User Controller","GET /admin/users/:id"],"duration":null,"failureDetails":[],"failureMessages":[],"fullName":"Admin User Controller GET /admin/users/:id should return 404 for non-existent user","invocations":1,"location":null,"numPassingAsserts":0,"retryReasons":[],"status":"pending","title":"should return 404 for non-existent user"},{"ancestorTitles":["Admin User Controller","POST /admin/users/:id/suspend"],"duration":null,"failureDetails":[],"failureMessages":[],"fullName":"Admin User Controller POST /admin/users/:id/suspend should suspend a user","invocations":1,"location":null,"numPassingAsserts":0,"retryReasons":[],"status":"pending","title":"should suspend a user"},{"ancestorTitles":["Admin User Controller","POST /admin/users/:id/activate"],"duration":null,"failureDetails":[],"failureMessages":[],"fullName":"Admin User Controller POST /admin/users/:id/activate should activate a suspended user","invocations":1,"location":null,"numPassingAsserts":0,"retryReasons":[],"status":"pending","title":"should activate a suspended user"},{"ancestorTitles":["Admin User Controller","PUT /admin/users/:id"],"duration":null,"failureDetails":[],"failureMessages":[],"fullName":"Admin User Controller PUT /admin/users/:id should update user information","invocations":1,"location":null,"numPassingAsserts":0,"retryReasons":[],"status":"pending","title":"should update user information"},{"ancestorTitles":["Admin User Controller","PUT /admin/users/:id"],"duration":null,"failureDetails":[],"failureMessages":[],"fullName":"Admin User Controller PUT /admin/users/:id should not allow duplicate email","invocations":1,"location":null,"numPassingAsserts":0,"retryReasons":[],"status":"pending","title":"should not allow duplicate email"}],"coverage":{},"endTime":1776230906912,"message":"","name":"D:\\zenpay-V2\\ZenoPay\\tests\\controllers\\AdminUserController.test.js","startTime":1776230906912,"status":"skipped","summary":""}],"wasInterrupted":false}
